{"C:\\Users\\cynth\\GitRepos\\2012-dec14-react\\projectOne\\back-end\\src\\log.ts": {"path":"C:\\Users\\cynth\\GitRepos\\2012-dec14-react\\projectOne\\back-end\\src\\log.ts","statementMap":{"0":{"start":{"line":3,"column":0},"end":{"line":3,"column":35}},"1":{"start":{"line":4,"column":15},"end":{"line":4,"column":33}}},"fnMap":{},"branchMap":{},"s":{"0":3,"1":3},"f":{},"b":{},"_coverageSchema":"1a1c01bbd47fc00a2c39e90264f33305004495a9","hash":"ac16a215d44edf9fc2dd16d97d1809167bf5f167"}
,"C:\\Users\\cynth\\GitRepos\\2012-dec14-react\\projectOne\\back-end\\src\\database\\dynamo.ts": {"path":"C:\\Users\\cynth\\GitRepos\\2012-dec14-react\\projectOne\\back-end\\src\\database\\dynamo.ts","statementMap":{"0":{"start":{"line":3,"column":16},"end":{"line":6,"column":2}}},"fnMap":{},"branchMap":{},"s":{"0":3},"f":{},"b":{},"_coverageSchema":"1a1c01bbd47fc00a2c39e90264f33305004495a9","hash":"7e0e2976382f5014c3d63984184c23cef7d8530d"}
,"C:\\Users\\cynth\\GitRepos\\2012-dec14-react\\projectOne\\back-end\\src\\models\\employee.model.ts": {"path":"C:\\Users\\cynth\\GitRepos\\2012-dec14-react\\projectOne\\back-end\\src\\models\\employee.model.ts","statementMap":{"0":{"start":{"line":5,"column":30},"end":{"line":5,"column":32}},"1":{"start":{"line":7,"column":30},"end":{"line":7,"column":32}},"2":{"start":{"line":9,"column":26},"end":{"line":14,"column":5}},"3":{"start":{"line":16,"column":37},"end":{"line":16,"column":41}},"4":{"start":{"line":18,"column":28},"end":{"line":18,"column":30}},"5":{"start":{"line":20,"column":33},"end":{"line":20,"column":35}},"6":{"start":{"line":23,"column":8},"end":{"line":23,"column":33}},"7":{"start":{"line":24,"column":8},"end":{"line":24,"column":33}},"8":{"start":{"line":25,"column":8},"end":{"line":25,"column":48}},"9":{"start":{"line":26,"column":8},"end":{"line":26,"column":46}},"10":{"start":{"line":27,"column":8},"end":{"line":27,"column":40}},"11":{"start":{"line":28,"column":8},"end":{"line":28,"column":40}},"12":{"start":{"line":29,"column":8},"end":{"line":29,"column":25}}},"fnMap":{"0":{"name":"(anonymous_0)","decl":{"start":{"line":22,"column":4},"end":{"line":22,"column":5}},"loc":{"start":{"line":22,"column":134},"end":{"line":30,"column":5}},"line":22}},"branchMap":{},"s":{"0":2,"1":2,"2":2,"3":2,"4":2,"5":2,"6":2,"7":2,"8":2,"9":2,"10":2,"11":2,"12":2},"f":{"0":2},"b":{},"_coverageSchema":"1a1c01bbd47fc00a2c39e90264f33305004495a9","hash":"69072904948faa264467eef70d4448464b6a84e3"}
,"C:\\Users\\cynth\\GitRepos\\2012-dec14-react\\projectOne\\back-end\\src\\models\\gradingFormat.model.ts": {"path":"C:\\Users\\cynth\\GitRepos\\2012-dec14-react\\projectOne\\back-end\\src\\models\\gradingFormat.model.ts","statementMap":{"0":{"start":{"line":3,"column":25},"end":{"line":3,"column":27}},"1":{"start":{"line":4,"column":34},"end":{"line":4,"column":39}},"2":{"start":{"line":5,"column":20},"end":{"line":5,"column":22}},"3":{"start":{"line":8,"column":8},"end":{"line":8,"column":39}},"4":{"start":{"line":9,"column":8},"end":{"line":9,"column":57}},"5":{"start":{"line":10,"column":8},"end":{"line":10,"column":29}}},"fnMap":{"0":{"name":"(anonymous_0)","decl":{"start":{"line":7,"column":4},"end":{"line":7,"column":5}},"loc":{"start":{"line":7,"column":84},"end":{"line":11,"column":5}},"line":7}},"branchMap":{},"s":{"0":1,"1":1,"2":1,"3":1,"4":1,"5":1},"f":{"0":1},"b":{},"_coverageSchema":"1a1c01bbd47fc00a2c39e90264f33305004495a9","hash":"af2325cd9aaf23fe35c3a9064a52162aeb31a115"}
,"C:\\Users\\cynth\\GitRepos\\2012-dec14-react\\projectOne\\back-end\\src\\models\\request.model.ts": {"path":"C:\\Users\\cynth\\GitRepos\\2012-dec14-react\\projectOne\\back-end\\src\\models\\request.model.ts","statementMap":{"0":{"start":{"line":3,"column":16},"end":{"line":3,"column":26}},"1":{"start":{"line":5,"column":25},"end":{"line":5,"column":27}},"2":{"start":{"line":6,"column":25},"end":{"line":6,"column":27}},"3":{"start":{"line":8,"column":26},"end":{"line":13,"column":5}},"4":{"start":{"line":15,"column":19},"end":{"line":24,"column":5}},"5":{"start":{"line":26,"column":27},"end":{"line":26,"column":29}},"6":{"start":{"line":28,"column":25},"end":{"line":28,"column":31}},"7":{"start":{"line":30,"column":25},"end":{"line":30,"column":27}},"8":{"start":{"line":32,"column":26},"end":{"line":32,"column":28}},"9":{"start":{"line":34,"column":24},"end":{"line":34,"column":26}},"10":{"start":{"line":37,"column":22},"end":{"line":37,"column":33}},"11":{"start":{"line":43,"column":8},"end":{"line":43,"column":39}},"12":{"start":{"line":44,"column":8},"end":{"line":44,"column":48}},"13":{"start":{"line":45,"column":8},"end":{"line":45,"column":46}},"14":{"start":{"line":46,"column":8},"end":{"line":46,"column":40}},"15":{"start":{"line":47,"column":8},"end":{"line":47,"column":40}},"16":{"start":{"line":48,"column":8},"end":{"line":48,"column":41}},"17":{"start":{"line":49,"column":8},"end":{"line":49,"column":31}},"18":{"start":{"line":50,"column":8},"end":{"line":50,"column":49}},"19":{"start":{"line":51,"column":8},"end":{"line":51,"column":45}},"20":{"start":{"line":52,"column":8},"end":{"line":52,"column":39}},"21":{"start":{"line":53,"column":8},"end":{"line":53,"column":41}},"22":{"start":{"line":54,"column":8},"end":{"line":54,"column":37}},"23":{"start":{"line":55,"column":8},"end":{"line":55,"column":45}},"24":{"start":{"line":56,"column":8},"end":{"line":56,"column":43}}},"fnMap":{"0":{"name":"(anonymous_0)","decl":{"start":{"line":39,"column":4},"end":{"line":39,"column":5}},"loc":{"start":{"line":42,"column":60},"end":{"line":57,"column":5}},"line":42}},"branchMap":{},"s":{"0":1,"1":1,"2":1,"3":1,"4":1,"5":1,"6":1,"7":1,"8":1,"9":1,"10":1,"11":1,"12":1,"13":1,"14":1,"15":1,"16":1,"17":1,"18":1,"19":1,"20":1,"21":1,"22":1,"23":1,"24":1},"f":{"0":1},"b":{},"_coverageSchema":"1a1c01bbd47fc00a2c39e90264f33305004495a9","hash":"7d9bf2a98fc4f7534ebdf8d001d0a6de2d75e9a8"}
,"C:\\Users\\cynth\\GitRepos\\2012-dec14-react\\projectOne\\back-end\\src\\services\\employee.service.ts": {"path":"C:\\Users\\cynth\\GitRepos\\2012-dec14-react\\projectOne\\back-end\\src\\services\\employee.service.ts","statementMap":{"0":{"start":{"line":11,"column":8},"end":{"line":11,"column":26}},"1":{"start":{"line":19,"column":23},"end":{"line":29,"column":9}},"2":{"start":{"line":31,"column":8},"end":{"line":38,"column":11}},"3":{"start":{"line":32,"column":12},"end":{"line":32,"column":55}},"4":{"start":{"line":33,"column":12},"end":{"line":33,"column":24}},"5":{"start":{"line":35,"column":12},"end":{"line":35,"column":74}},"6":{"start":{"line":36,"column":12},"end":{"line":36,"column":32}},"7":{"start":{"line":37,"column":12},"end":{"line":37,"column":25}},"8":{"start":{"line":46,"column":19},"end":{"line":51,"column":5}},"9":{"start":{"line":52,"column":4},"end":{"line":59,"column":6}},"10":{"start":{"line":53,"column":8},"end":{"line":58,"column":9}},"11":{"start":{"line":54,"column":12},"end":{"line":54,"column":68}},"12":{"start":{"line":55,"column":12},"end":{"line":55,"column":41}},"13":{"start":{"line":57,"column":12},"end":{"line":57,"column":24}},"14":{"start":{"line":65,"column":24},"end":{"line":65,"column":45}}},"fnMap":{"0":{"name":"(anonymous_0)","decl":{"start":{"line":10,"column":4},"end":{"line":10,"column":5}},"loc":{"start":{"line":10,"column":17},"end":{"line":12,"column":5}},"line":10},"1":{"name":"(anonymous_1)","decl":{"start":{"line":17,"column":4},"end":{"line":17,"column":5}},"loc":{"start":{"line":17,"column":60},"end":{"line":39,"column":5}},"line":17},"2":{"name":"(anonymous_2)","decl":{"start":{"line":31,"column":57},"end":{"line":31,"column":58}},"loc":{"start":{"line":31,"column":63},"end":{"line":34,"column":9}},"line":31},"3":{"name":"(anonymous_3)","decl":{"start":{"line":34,"column":17},"end":{"line":34,"column":18}},"loc":{"start":{"line":34,"column":28},"end":{"line":38,"column":9}},"line":34},"4":{"name":"(anonymous_4)","decl":{"start":{"line":44,"column":4},"end":{"line":44,"column":5}},"loc":{"start":{"line":44,"column":76},"end":{"line":60,"column":1}},"line":44},"5":{"name":"(anonymous_5)","decl":{"start":{"line":52,"column":53},"end":{"line":52,"column":54}},"loc":{"start":{"line":52,"column":63},"end":{"line":59,"column":5}},"line":52}},"branchMap":{"0":{"loc":{"start":{"line":53,"column":8},"end":{"line":58,"column":9}},"type":"if","locations":[{"start":{"line":53,"column":8},"end":{"line":58,"column":9}},{"start":{"line":53,"column":8},"end":{"line":58,"column":9}}],"line":53},"1":{"loc":{"start":{"line":53,"column":12},"end":{"line":53,"column":29}},"type":"binary-expr","locations":[{"start":{"line":53,"column":12},"end":{"line":53,"column":16}},{"start":{"line":53,"column":20},"end":{"line":53,"column":29}}],"line":53}},"s":{"0":1,"1":0,"2":0,"3":0,"4":0,"5":0,"6":0,"7":0,"8":0,"9":0,"10":0,"11":0,"12":0,"13":0,"14":1},"f":{"0":1,"1":0,"2":0,"3":0,"4":0,"5":0},"b":{"0":[0,0],"1":[0,0]},"_coverageSchema":"1a1c01bbd47fc00a2c39e90264f33305004495a9","hash":"a7ba3481e62a0191e70fd250c3bb6eae290879a1"}
,"C:\\Users\\cynth\\GitRepos\\2012-dec14-react\\projectOne\\back-end\\src\\services\\gradingFormat.service.ts": {"path":"C:\\Users\\cynth\\GitRepos\\2012-dec14-react\\projectOne\\back-end\\src\\services\\gradingFormat.service.ts","statementMap":{"0":{"start":{"line":11,"column":8},"end":{"line":11,"column":26}},"1":{"start":{"line":19,"column":23},"end":{"line":22,"column":9}},"2":{"start":{"line":24,"column":8},"end":{"line":31,"column":11}},"3":{"start":{"line":25,"column":12},"end":{"line":25,"column":79}},"4":{"start":{"line":26,"column":12},"end":{"line":26,"column":24}},"5":{"start":{"line":28,"column":12},"end":{"line":28,"column":82}},"6":{"start":{"line":29,"column":12},"end":{"line":29,"column":32}},"7":{"start":{"line":30,"column":12},"end":{"line":30,"column":25}},"8":{"start":{"line":39,"column":23},"end":{"line":44,"column":9}},"9":{"start":{"line":45,"column":8},"end":{"line":52,"column":10}},"10":{"start":{"line":46,"column":12},"end":{"line":51,"column":13}},"11":{"start":{"line":47,"column":16},"end":{"line":47,"column":72}},"12":{"start":{"line":48,"column":16},"end":{"line":48,"column":50}},"13":{"start":{"line":50,"column":16},"end":{"line":50,"column":28}},"14":{"start":{"line":57,"column":29},"end":{"line":57,"column":55}}},"fnMap":{"0":{"name":"(anonymous_0)","decl":{"start":{"line":10,"column":4},"end":{"line":10,"column":5}},"loc":{"start":{"line":10,"column":17},"end":{"line":12,"column":5}},"line":10},"1":{"name":"(anonymous_1)","decl":{"start":{"line":17,"column":4},"end":{"line":17,"column":5}},"loc":{"start":{"line":17,"column":75},"end":{"line":32,"column":5}},"line":17},"2":{"name":"(anonymous_2)","decl":{"start":{"line":24,"column":57},"end":{"line":24,"column":58}},"loc":{"start":{"line":24,"column":63},"end":{"line":27,"column":9}},"line":24},"3":{"name":"(anonymous_3)","decl":{"start":{"line":27,"column":17},"end":{"line":27,"column":18}},"loc":{"start":{"line":27,"column":28},"end":{"line":31,"column":9}},"line":27},"4":{"name":"(anonymous_4)","decl":{"start":{"line":37,"column":4},"end":{"line":37,"column":5}},"loc":{"start":{"line":37,"column":85},"end":{"line":53,"column":5}},"line":37},"5":{"name":"(anonymous_5)","decl":{"start":{"line":45,"column":57},"end":{"line":45,"column":58}},"loc":{"start":{"line":45,"column":67},"end":{"line":52,"column":9}},"line":45}},"branchMap":{"0":{"loc":{"start":{"line":46,"column":12},"end":{"line":51,"column":13}},"type":"if","locations":[{"start":{"line":46,"column":12},"end":{"line":51,"column":13}},{"start":{"line":46,"column":12},"end":{"line":51,"column":13}}],"line":46},"1":{"loc":{"start":{"line":46,"column":16},"end":{"line":46,"column":33}},"type":"binary-expr","locations":[{"start":{"line":46,"column":16},"end":{"line":46,"column":20}},{"start":{"line":46,"column":24},"end":{"line":46,"column":33}}],"line":46}},"s":{"0":1,"1":0,"2":0,"3":0,"4":0,"5":0,"6":0,"7":0,"8":0,"9":0,"10":0,"11":0,"12":0,"13":0,"14":1},"f":{"0":1,"1":0,"2":0,"3":0,"4":0,"5":0},"b":{"0":[0,0],"1":[0,0]},"_coverageSchema":"1a1c01bbd47fc00a2c39e90264f33305004495a9","hash":"28a5a15c8c65b49120fea3d4262da3c87ab193e8"}
,"C:\\Users\\cynth\\GitRepos\\2012-dec14-react\\projectOne\\back-end\\src\\services\\request.service.ts": {"path":"C:\\Users\\cynth\\GitRepos\\2012-dec14-react\\projectOne\\back-end\\src\\services\\request.service.ts","statementMap":{"0":{"start":{"line":11,"column":8},"end":{"line":11,"column":26}},"1":{"start":{"line":19,"column":19},"end":{"line":22,"column":5}},"2":{"start":{"line":24,"column":4},"end":{"line":31,"column":7}},"3":{"start":{"line":25,"column":8},"end":{"line":25,"column":50}},"4":{"start":{"line":26,"column":8},"end":{"line":26,"column":20}},"5":{"start":{"line":28,"column":8},"end":{"line":28,"column":69}},"6":{"start":{"line":29,"column":8},"end":{"line":29,"column":28}},"7":{"start":{"line":30,"column":8},"end":{"line":30,"column":21}},"8":{"start":{"line":39,"column":19},"end":{"line":44,"column":5}},"9":{"start":{"line":45,"column":4},"end":{"line":51,"column":6}},"10":{"start":{"line":46,"column":8},"end":{"line":50,"column":9}},"11":{"start":{"line":47,"column":12},"end":{"line":47,"column":40}},"12":{"start":{"line":49,"column":12},"end":{"line":49,"column":24}},"13":{"start":{"line":56,"column":23},"end":{"line":56,"column":43}}},"fnMap":{"0":{"name":"(anonymous_0)","decl":{"start":{"line":10,"column":4},"end":{"line":10,"column":5}},"loc":{"start":{"line":10,"column":17},"end":{"line":12,"column":5}},"line":10},"1":{"name":"(anonymous_1)","decl":{"start":{"line":17,"column":3},"end":{"line":17,"column":4}},"loc":{"start":{"line":17,"column":56},"end":{"line":32,"column":1}},"line":17},"2":{"name":"(anonymous_2)","decl":{"start":{"line":24,"column":53},"end":{"line":24,"column":54}},"loc":{"start":{"line":24,"column":59},"end":{"line":27,"column":5}},"line":24},"3":{"name":"(anonymous_3)","decl":{"start":{"line":27,"column":13},"end":{"line":27,"column":14}},"loc":{"start":{"line":27,"column":24},"end":{"line":31,"column":5}},"line":27},"4":{"name":"(anonymous_4)","decl":{"start":{"line":37,"column":3},"end":{"line":37,"column":4}},"loc":{"start":{"line":37,"column":61},"end":{"line":52,"column":1}},"line":37},"5":{"name":"(anonymous_5)","decl":{"start":{"line":45,"column":53},"end":{"line":45,"column":54}},"loc":{"start":{"line":45,"column":63},"end":{"line":51,"column":5}},"line":45}},"branchMap":{"0":{"loc":{"start":{"line":46,"column":8},"end":{"line":50,"column":9}},"type":"if","locations":[{"start":{"line":46,"column":8},"end":{"line":50,"column":9}},{"start":{"line":46,"column":8},"end":{"line":50,"column":9}}],"line":46},"1":{"loc":{"start":{"line":46,"column":12},"end":{"line":46,"column":29}},"type":"binary-expr","locations":[{"start":{"line":46,"column":12},"end":{"line":46,"column":16}},{"start":{"line":46,"column":20},"end":{"line":46,"column":29}}],"line":46}},"s":{"0":1,"1":0,"2":0,"3":0,"4":0,"5":0,"6":0,"7":0,"8":0,"9":0,"10":0,"11":0,"12":0,"13":1},"f":{"0":1,"1":0,"2":0,"3":0,"4":0,"5":0},"b":{"0":[0,0],"1":[0,0]},"_coverageSchema":"1a1c01bbd47fc00a2c39e90264f33305004495a9","hash":"12ad467d97abb6ba669886a89249ad6638ddf985"}
}
